<?xml version="1.0" encoding="UTF-8"?>
<!-- Generated by org.testng.reporters.JUnitXMLReporter -->
<testsuite ignored="0" hostname="DESKTOP-PF1P3TA" failures="0" tests="4" name="ChainingTests" time="13.748" errors="0" timestamp="2025-07-25T17:48:13 IST">
  <testcase classname="api.test.Chaining_createUser" name="CreateUser" time="9.921"/>
  <testcase classname="api.test.Chaining_readUser" name="CreateUser" time="1.344"/>
  <testcase classname="api.test.Chaining_UpdateUser" name="updateUser" time="0.749"/>
  <testcase classname="api.test.Chaining_deleteUser" name="deleteUser" time="1.295"/>
</testsuite> <!-- ChainingTests -->
