<?xml version="1.0" encoding="UTF-8"?>
<!-- Generated by org.testng.reporters.JUnitXMLReporter -->
<testsuite ignored="0" hostname="DESKTOP-PF1P3TA" failures="0" tests="20" name="Test" time="23.138" errors="0" timestamp="2025-07-29T16:13:47 IST">
  <testcase classname="api.test.UserChainingTest" name="createUserTest" time="4.813"/>
  <testcase classname="api.test.ReadUserChainingTest" name="readUserTest" time="0.65"/>
  <testcase classname="api.test.UpdateUserChainingTest" name="updateUserTest" time="0.352"/>
  <testcase classname="api.test.DeleteUserChainingTest" name="deleteUserTest" time="0.433"/>
  <testcase classname="api.test.DataDrivenTest" name="testCreateAndDeleteUser" time="2.668"/>
  <testcase classname="api.test.DataDrivenTest" name="testCreateAndDeleteUser" time="2.505"/>
  <testcase classname="api.test.DataDrivenTest" name="testDeleteUserByName" time="1.274"/>
  <testcase classname="api.test.DataDrivenTest" name="testDeleteUserByName" time="1.322"/>
  <testcase classname="api.test.SerilizationDeseriliztionTest" name="SerilizationDeseriliztionTests" time="0.101"/>
  <testcase classname="api.test.AuthenticationTests" name="testBasicAuthentication" time="1.96"/>
  <testcase classname="api.test.AuthenticationTests" name="testDigestAuthentication" time="1.457"/>
  <testcase classname="api.test.AuthenticationTests" name="testPreemptiveBasicAuthentication" time="1.178"/>
  <testcase classname="api.test.AuthenticationTests" name="testBearerTokenAuthentication" time="0.484"/>
  <testcase classname="api.test.AuthenticationTests" name="testOAuth2Authentication" time="0.416"/>
  <testcase classname="api.test.AuthenticationTests" name="testAPIKeyAuthentication" time="0.124"/>
  <testcase classname="api.test.SchemaValidationTest" name="testJsonSchemaValidation" time="0.532"/>
  <testcase classname="api.test.JsonPathTests" name="testJsonPathApproach1" time="0.285"/>
  <testcase classname="api.test.JsonPathTests" name="testJsonPathApproach2" time="0.252"/>
  <testcase classname="api.test.JsonPathTests" name="testAllFirstNames" time="0.203"/>
  <testcase classname="api.test.JsonPathTests" name="testFirstNameExists" time="0.15"/>
</testsuite> <!-- Test -->
