<?xml version="1.0" encoding="UTF-8"?>
<!-- Generated by org.testng.reporters.JUnitXMLReporter -->
<testsuite ignored="0" hostname="DESKTOP-PF1P3TA" failures="0" tests="4" name="Tests4" time="0.823" errors="0" timestamp="2025-07-29T00:58:59 IST">
  <testcase classname="api.test.JsonPathTests" name="testJsonPathApproach1" time="0.327"/>
  <testcase classname="api.test.JsonPathTests" name="testJsonPathApproach2" time="0.179"/>
  <testcase classname="api.test.JsonPathTests" name="testAllFirstNames" time="0.123"/>
  <testcase classname="api.test.JsonPathTests" name="testFirstNameExists" time="0.135"/>
</testsuite> <!-- Tests4 -->
