<?xml version="1.0" encoding="UTF-8"?>
<!-- Generated by org.testng.reporters.JUnitXMLReporter -->
<testsuite ignored="0" hostname="DESKTOP-PF1P3TA" failures="0" tests="6" name="Tests6" time="7.731" errors="0" timestamp="2025-07-24T05:52:27 IST">
  <testcase classname="api.test.AuthTests" name="testBasicAuth" time="1.617"/>
  <testcase classname="api.test.AuthTests" name="testDigestAuth" time="1.522"/>
  <testcase classname="api.test.AuthTests" name="testPreemptiveBasicAuth" time="1.235"/>
  <testcase classname="api.test.AuthTests" name="testBearerToken" time="0.61"/>
  <testcase classname="api.test.AuthTests" name="testOAuth2" time="0.523"/>
  <testcase classname="api.test.AuthTests" name="testApiKey" time="2.082"/>
</testsuite> <!-- Tests6 -->
