<?xml version="1.0" encoding="UTF-8"?>
<!-- Generated by org.testng.reporters.JUnitXMLReporter -->
<testsuite ignored="0" hostname="DESKTOP-PF1P3TA" failures="0" tests="6" name="Tests1" time="10.867" errors="0" timestamp="2025-07-29T00:59:03 IST">
  <testcase classname="api.test.AuthenticationTests" name="testBasicAuthentication" time="5.955"/>
  <testcase classname="api.test.AuthenticationTests" name="testDigestAuthentication" time="2.248"/>
  <testcase classname="api.test.AuthenticationTests" name="testPreemptiveBasicAuthentication" time="1.25"/>
  <testcase classname="api.test.AuthenticationTests" name="testBearerTokenAuthentication" time="0.549"/>
  <testcase classname="api.test.AuthenticationTests" name="testOAuth2Authentication" time="0.47"/>
  <testcase classname="api.test.AuthenticationTests" name="testAPIKeyAuthentication" time="0.199"/>
</testsuite> <!-- Tests1 -->
