<?xml version="1.0" encoding="UTF-8"?>
<testng-results ignored="0" total="20" passed="20" failed="0" skipped="0">
  <reporter-output>
  </reporter-output>
  <suite started-at="2025-07-29T16:13:24 IST" name="Suite" finished-at="2025-07-29T16:13:47 IST" duration-ms="23138">
    <groups>
    </groups>
    <test started-at="2025-07-29T16:13:24 IST" name="Test" finished-at="2025-07-29T16:13:47 IST" duration-ms="23138">
      <class name="api.test.ReadUserChainingTest">
        <test-method signature="readUserTest(org.testng.ITestContext)[pri:0, instance:api.test.ReadUserChainingTest@41005828]" started-at="2025-07-29T16:13:29 IST" name="readUserTest" finished-at="2025-07-29T16:13:29 IST" duration-ms="650" status="PASS">
          <params>
            <param index="0">
              <value>
                <![CDATA[org.testng.TestRunner@6f3c660a]]>
              </value>
            </param>
          </params>
          <reporter-output>
          </reporter-output>
        </test-method> <!-- readUserTest -->
      </class> <!-- api.test.ReadUserChainingTest -->
      <class name="api.test.SchemaValidationTest">
        <test-method signature="testJsonSchemaValidation()[pri:1, instance:api.test.SchemaValidationTest@225129c]" started-at="2025-07-29T16:13:45 IST" name="testJsonSchemaValidation" finished-at="2025-07-29T16:13:46 IST" duration-ms="532" status="PASS">
          <reporter-output>
          </reporter-output>
        </test-method> <!-- testJsonSchemaValidation -->
      </class> <!-- api.test.SchemaValidationTest -->
      <class name="api.test.AuthenticationTests">
        <test-method signature="testBasicAuthentication()[pri:1, instance:api.test.AuthenticationTests@41294f8]" started-at="2025-07-29T16:13:40 IST" name="testBasicAuthentication" finished-at="2025-07-29T16:13:42 IST" duration-ms="1960" status="PASS">
          <reporter-output>
          </reporter-output>
        </test-method> <!-- testBasicAuthentication -->
        <test-method signature="testDigestAuthentication()[pri:2, instance:api.test.AuthenticationTests@41294f8]" started-at="2025-07-29T16:13:42 IST" name="testDigestAuthentication" finished-at="2025-07-29T16:13:43 IST" duration-ms="1457" status="PASS">
          <reporter-output>
          </reporter-output>
        </test-method> <!-- testDigestAuthentication -->
        <test-method signature="testPreemptiveBasicAuthentication()[pri:3, instance:api.test.AuthenticationTests@41294f8]" started-at="2025-07-29T16:13:43 IST" name="testPreemptiveBasicAuthentication" finished-at="2025-07-29T16:13:44 IST" duration-ms="1178" status="PASS">
          <reporter-output>
          </reporter-output>
        </test-method> <!-- testPreemptiveBasicAuthentication -->
        <test-method signature="testBearerTokenAuthentication()[pri:4, instance:api.test.AuthenticationTests@41294f8]" started-at="2025-07-29T16:13:44 IST" name="testBearerTokenAuthentication" finished-at="2025-07-29T16:13:45 IST" duration-ms="484" status="PASS">
          <reporter-output>
          </reporter-output>
        </test-method> <!-- testBearerTokenAuthentication -->
        <test-method signature="testOAuth2Authentication()[pri:5, instance:api.test.AuthenticationTests@41294f8]" started-at="2025-07-29T16:13:45 IST" name="testOAuth2Authentication" finished-at="2025-07-29T16:13:45 IST" duration-ms="416" status="PASS">
          <reporter-output>
          </reporter-output>
        </test-method> <!-- testOAuth2Authentication -->
        <test-method signature="testAPIKeyAuthentication()[pri:6, instance:api.test.AuthenticationTests@41294f8]" started-at="2025-07-29T16:13:45 IST" name="testAPIKeyAuthentication" finished-at="2025-07-29T16:13:45 IST" duration-ms="124" status="PASS">
          <reporter-output>
          </reporter-output>
        </test-method> <!-- testAPIKeyAuthentication -->
      </class> <!-- api.test.AuthenticationTests -->
      <class name="api.test.DataDrivenTest">
        <test-method signature="testCreateAndDeleteUser(java.lang.String,java.lang.String,java.lang.String,java.lang.String,java.lang.String,java.lang.String,java.lang.String)[pri:1, instance:api.test.DataDrivenTest@2141a12]" started-at="2025-07-29T16:13:32 IST" name="testCreateAndDeleteUser" data-provider="Data" finished-at="2025-07-29T16:13:34 IST" duration-ms="2668" status="PASS">
          <params>
            <param index="0">
              <value>
                <![CDATA[111111]]>
              </value>
            </param>
            <param index="1">
              <value>
                <![CDATA[jyothiaaS]]>
              </value>
            </param>
            <param index="2">
              <value>
                <![CDATA[jypthia]]>
              </value>
            </param>
            <param index="3">
              <value>
                <![CDATA[annapureddy]]>
              </value>
            </param>
            <param index="4">
              <value>
                <![CDATA[aj@gmail.com]]>
              </value>
            </param>
            <param index="5">
              <value>
                <![CDATA[jyothi123]]>
              </value>
            </param>
            <param index="6">
              <value>
                <![CDATA[4567888888]]>
              </value>
            </param>
          </params>
          <reporter-output>
          </reporter-output>
        </test-method> <!-- testCreateAndDeleteUser -->
        <test-method signature="testCreateAndDeleteUser(java.lang.String,java.lang.String,java.lang.String,java.lang.String,java.lang.String,java.lang.String,java.lang.String)[pri:1, instance:api.test.DataDrivenTest@2141a12]" started-at="2025-07-29T16:13:34 IST" name="testCreateAndDeleteUser" data-provider="Data" finished-at="2025-07-29T16:13:37 IST" duration-ms="2505" status="PASS">
          <params>
            <param index="0">
              <value>
                <![CDATA[6754895]]>
              </value>
            </param>
            <param index="1">
              <value>
                <![CDATA[jyothiaaS]]>
              </value>
            </param>
            <param index="2">
              <value>
                <![CDATA[annapureddy]]>
              </value>
            </param>
            <param index="3">
              <value>
                <![CDATA[jyothi]]>
              </value>
            </param>
            <param index="4">
              <value>
                <![CDATA[ja@gmail.com]]>
              </value>
            </param>
            <param index="5">
              <value>
                <![CDATA[jyothi1234]]>
              </value>
            </param>
            <param index="6">
              <value>
                <![CDATA[7.78886E+11]]>
              </value>
            </param>
          </params>
          <reporter-output>
          </reporter-output>
        </test-method> <!-- testCreateAndDeleteUser -->
        <test-method signature="testDeleteUserByName(java.lang.String)[pri:2, instance:api.test.DataDrivenTest@2141a12]" started-at="2025-07-29T16:13:37 IST" name="testDeleteUserByName" data-provider="UserNames" finished-at="2025-07-29T16:13:38 IST" duration-ms="1274" status="PASS">
          <params>
            <param index="0">
              <value>
                <![CDATA[jyothiaaS]]>
              </value>
            </param>
          </params>
          <reporter-output>
          </reporter-output>
        </test-method> <!-- testDeleteUserByName -->
        <test-method signature="testDeleteUserByName(java.lang.String)[pri:2, instance:api.test.DataDrivenTest@2141a12]" started-at="2025-07-29T16:13:38 IST" name="testDeleteUserByName" data-provider="UserNames" finished-at="2025-07-29T16:13:39 IST" duration-ms="1322" status="PASS">
          <params>
            <param index="0">
              <value>
                <![CDATA[jyothiaaS]]>
              </value>
            </param>
          </params>
          <reporter-output>
          </reporter-output>
        </test-method> <!-- testDeleteUserByName -->
      </class> <!-- api.test.DataDrivenTest -->
      <class name="api.test.DeleteUserChainingTest">
        <test-method signature="deleteUserTest(org.testng.ITestContext)[pri:0, instance:api.test.DeleteUserChainingTest@7fcf2fc1]" started-at="2025-07-29T16:13:30 IST" name="deleteUserTest" finished-at="2025-07-29T16:13:30 IST" duration-ms="433" status="PASS">
          <params>
            <param index="0">
              <value>
                <![CDATA[org.testng.TestRunner@6f3c660a]]>
              </value>
            </param>
          </params>
          <reporter-output>
          </reporter-output>
        </test-method> <!-- deleteUserTest -->
      </class> <!-- api.test.DeleteUserChainingTest -->
      <class name="api.test.JsonPathTests">
        <test-method signature="testJsonPathApproach1()[pri:1, instance:api.test.JsonPathTests@20435c40]" started-at="2025-07-29T16:13:46 IST" name="testJsonPathApproach1" finished-at="2025-07-29T16:13:46 IST" duration-ms="285" status="PASS">
          <reporter-output>
          </reporter-output>
        </test-method> <!-- testJsonPathApproach1 -->
        <test-method signature="testJsonPathApproach2()[pri:2, instance:api.test.JsonPathTests@20435c40]" started-at="2025-07-29T16:13:46 IST" name="testJsonPathApproach2" finished-at="2025-07-29T16:13:46 IST" duration-ms="252" status="PASS">
          <reporter-output>
          </reporter-output>
        </test-method> <!-- testJsonPathApproach2 -->
        <test-method signature="testAllFirstNames()[pri:3, instance:api.test.JsonPathTests@20435c40]" started-at="2025-07-29T16:13:46 IST" name="testAllFirstNames" finished-at="2025-07-29T16:13:47 IST" duration-ms="203" status="PASS">
          <reporter-output>
          </reporter-output>
        </test-method> <!-- testAllFirstNames -->
        <test-method signature="testFirstNameExists()[pri:4, instance:api.test.JsonPathTests@20435c40]" started-at="2025-07-29T16:13:47 IST" name="testFirstNameExists" finished-at="2025-07-29T16:13:47 IST" duration-ms="150" status="PASS">
          <reporter-output>
          </reporter-output>
        </test-method> <!-- testFirstNameExists -->
      </class> <!-- api.test.JsonPathTests -->
      <class name="api.test.SerilizationDeseriliztionTest">
        <test-method signature="SerilizationDeseriliztionTests()[pri:1, instance:api.test.SerilizationDeseriliztionTest@4196c360]" started-at="2025-07-29T16:13:40 IST" name="SerilizationDeseriliztionTests" finished-at="2025-07-29T16:13:40 IST" duration-ms="101" status="PASS">
          <reporter-output>
          </reporter-output>
        </test-method> <!-- SerilizationDeseriliztionTests -->
      </class> <!-- api.test.SerilizationDeseriliztionTest -->
      <class name="api.test.UpdateUserChainingTest">
        <test-method signature="updateUserTest(org.testng.ITestContext)[pri:0, instance:api.test.UpdateUserChainingTest@60b4beb4]" started-at="2025-07-29T16:13:29 IST" name="updateUserTest" finished-at="2025-07-29T16:13:30 IST" duration-ms="352" status="PASS">
          <params>
            <param index="0">
              <value>
                <![CDATA[org.testng.TestRunner@6f3c660a]]>
              </value>
            </param>
          </params>
          <reporter-output>
          </reporter-output>
        </test-method> <!-- updateUserTest -->
      </class> <!-- api.test.UpdateUserChainingTest -->
      <class name="api.test.UserChainingTest">
        <test-method signature="createUserTest(org.testng.ITestContext)[pri:0, instance:api.test.UserChainingTest@3b8f0a79]" started-at="2025-07-29T16:13:24 IST" name="createUserTest" finished-at="2025-07-29T16:13:28 IST" duration-ms="4813" status="PASS">
          <params>
            <param index="0">
              <value>
                <![CDATA[org.testng.TestRunner@6f3c660a]]>
              </value>
            </param>
          </params>
          <reporter-output>
          </reporter-output>
        </test-method> <!-- createUserTest -->
      </class> <!-- api.test.UserChainingTest -->
    </test> <!-- Test -->
  </suite> <!-- Suite -->
</testng-results>
