<?xml version="1.0" encoding="UTF-8"?>
<testng-results ignored="0" total="4" passed="4" failed="0" skipped="0">
  <reporter-output>
  </reporter-output>
  <suite started-at="2025-07-25T17:47:59 IST" name="Suite" finished-at="2025-07-25T17:48:12 IST" duration-ms="13748">
    <groups>
    </groups>
    <test started-at="2025-07-25T17:47:59 IST" name="ChainingTests" finished-at="2025-07-25T17:48:12 IST" duration-ms="13748">
      <class name="api.test.Chaining_UpdateUser">
        <test-method signature="updateUser(org.testng.ITestContext)[pri:0, instance:api.test.Chaining_UpdateUser@23202fce]" started-at="2025-07-25T17:48:10 IST" name="updateUser" finished-at="2025-07-25T17:48:11 IST" duration-ms="749" status="PASS">
          <params>
            <param index="0">
              <value>
                <![CDATA[org.testng.TestRunner@5be46f9d]]>
              </value>
            </param>
          </params>
          <reporter-output>
          </reporter-output>
        </test-method> <!-- updateUser -->
      </class> <!-- api.test.Chaining_UpdateUser -->
      <class name="api.test.Chaining_readUser">
        <test-method signature="CreateUser(org.testng.ITestContext)[pri:0, instance:api.test.Chaining_readUser@1df8b5b8]" started-at="2025-07-25T17:48:09 IST" name="CreateUser" finished-at="2025-07-25T17:48:10 IST" duration-ms="1344" status="PASS">
          <params>
            <param index="0">
              <value>
                <![CDATA[org.testng.TestRunner@5be46f9d]]>
              </value>
            </param>
          </params>
          <reporter-output>
          </reporter-output>
        </test-method> <!-- CreateUser -->
      </class> <!-- api.test.Chaining_readUser -->
      <class name="api.test.Chaining_deleteUser">
        <test-method signature="deleteUser(org.testng.ITestContext)[pri:0, instance:api.test.Chaining_deleteUser@7b993c65]" started-at="2025-07-25T17:48:11 IST" name="deleteUser" finished-at="2025-07-25T17:48:12 IST" duration-ms="1295" status="PASS">
          <params>
            <param index="0">
              <value>
                <![CDATA[org.testng.TestRunner@5be46f9d]]>
              </value>
            </param>
          </params>
          <reporter-output>
          </reporter-output>
        </test-method> <!-- deleteUser -->
      </class> <!-- api.test.Chaining_deleteUser -->
      <class name="api.test.Chaining_createUser">
        <test-method signature="CreateUser(org.testng.ITestContext)[pri:0, instance:api.test.Chaining_createUser@51a9ad5e]" started-at="2025-07-25T17:47:59 IST" name="CreateUser" finished-at="2025-07-25T17:48:09 IST" duration-ms="9921" status="PASS">
          <params>
            <param index="0">
              <value>
                <![CDATA[org.testng.TestRunner@5be46f9d]]>
              </value>
            </param>
          </params>
          <reporter-output>
          </reporter-output>
        </test-method> <!-- CreateUser -->
      </class> <!-- api.test.Chaining_createUser -->
    </test> <!-- ChainingTests -->
  </suite> <!-- Suite -->
</testng-results>
